#
# There is insufficient memory for the Java Runtime Environment to continue.
# Native memory allocation (malloc) failed to allocate 1048576 bytes for AllocateHeap
# Possible reasons:
#   The system is out of physical RAM or swap space
#   In 32 bit mode, the process size limit was hit
# Possible solutions:
#   Reduce memory load on the system
#   Increase physical memory or swap space
#   Check if swap backing store is full
#   Use 64 bit Java on a 64 bit OS
#   Decrease Java heap size (-Xmx/-Xms)
#   Decrease number of Java threads
#   Decrease Java thread stack sizes (-Xss)
#   Set larger code cache with -XX:ReservedCodeCacheSize=
# This output file may be truncated or incomplete.
#
#  Out of Memory Error (memory/allocation.inline.hpp:61), pid=9900, tid=0x0000000000001dd4
#
# JRE version:  (8.0_181-b13) (build )
# Java VM: Java HotSpot(TM) 64-Bit Server VM (25.181-b13 mixed mode windows-amd64 compressed oops)
# Failed to write core dump. Minidumps are not enabled by default on client versions of Windows
#

---------------  T H R E A D  ---------------

Current thread (0x00000000008ad800):  JavaThread "Unknown thread" [_thread_in_vm, id=7636, stack(0x0000000002330000,0x0000000002430000)]

Stack: [0x0000000002330000,0x0000000002430000]
[error occurred during error reporting (printing stack bounds), id 0xc0000005]

Native frames: (J=compiled Java code, j=interpreted, Vv=VM code, C=native code)


---------------  P R O C E S S  ---------------

Java Threads: ( => current thread )

Other Threads:

=>0x00000000008ad800 (exited) JavaThread "Unknown thread" [_thread_in_vm, id=7636, stack(0x0000000002330000,0x0000000002430000)]

VM state:not at safepoint (normal execution)

VM Mutex/Monitor currently owned by a thread: None

Heap:
 PSYoungGen      total 18944K, used 327K [0x00000000eb180000, 0x00000000ec680000, 0x0000000100000000)
  eden space 16384K, 2% used [0x00000000eb180000,0x00000000eb1d1ec8,0x00000000ec180000)
  from space 2560K, 0% used [0x00000000ec400000,0x00000000ec400000,0x00000000ec680000)
  to   space 2560K, 0% used [0x00000000ec180000,0x00000000ec180000,0x00000000ec400000)
 ParOldGen       total 44032K, used 0K [0x00000000c1400000, 0x00000000c3f00000, 0x00000000eb180000)
  object space 44032K, 0% used [0x00000000c1400000,0x00000000c1400000,0x00000000c3f00000)
 Metaspace       used 775K, capacity 4480K, committed 4480K, reserved 1056768K
  class space    used 76K, capacity 384K, committed 384K, reserved 1048576K

Card table byte_map: [0x00000000118f0000,0x0000000011af0000] byte_map_base: 0x00000000112e6000

Marking Bits: (ParMarkBitMap*) 0x00000000509a2d00
 Begin Bits: [0x0000000012040000, 0x0000000012ff0000)
 End Bits:   [0x0000000012ff0000, 0x0000000013fa0000)

Polling page: 0x0000000000880000

CodeCache: size=245760Kb used=328Kb max_used=328Kb free=245431Kb
 bounds [0x0000000002530000, 0x00000000027a0000, 0x0000000011530000]
 total_blobs=58 nmethods=0 adapters=38
 compilation: enabled

Compilation events (0 events):
No events

GC Heap History (0 events):
No events

Deoptimization events (0 events):
No events

Classes redefined (0 events):
No events

Internal exceptions (0 events):
No events

Events (10 events):
Event: 0.046 loading class java/lang/Short
Event: 0.046 loading class java/lang/Short done
Event: 0.046 loading class java/lang/Integer
Event: 0.046 loading class java/lang/Integer done
Event: 0.046 loading class java/lang/Long
Event: 0.046 loading class java/lang/Long done
Event: 0.047 loading class java/lang/NullPointerException
Event: 0.047 loading class java/lang/NullPointerException done
Event: 0.047 loading class java/lang/ArithmeticException
Event: 0.047 loading class java/lang/ArithmeticException done


Dynamic libraries:
0x00007ff6c7ca0000 - 0x00007ff6c7cd7000 	C:\Program Files\Java\jdk1.8.0_181\jre\bin\java.exe
0x00007ff837ed0000 - 0x00007ff8380b1000 	C:\WINDOWS\SYSTEM32\ntdll.dll
0x00007ff837920000 - 0x00007ff8379d2000 	C:\WINDOWS\System32\KERNEL32.DLL
0x00007ff834380000 - 0x00007ff8345f3000 	C:\WINDOWS\System32\KERNELBASE.dll
0x00007ff835670000 - 0x00007ff835711000 	C:\WINDOWS\System32\ADVAPI32.dll
0x00007ff8373b0000 - 0x00007ff83744e000 	C:\WINDOWS\System32\msvcrt.dll
0x00007ff835570000 - 0x00007ff8355cb000 	C:\WINDOWS\System32\sechost.dll
0x00007ff835400000 - 0x00007ff835524000 	C:\WINDOWS\System32\RPCRT4.dll
0x00007ff835a50000 - 0x00007ff835be0000 	C:\WINDOWS\System32\USER32.dll
0x00007ff8351a0000 - 0x00007ff8351c0000 	C:\WINDOWS\System32\win32u.dll
0x00007ff8379f0000 - 0x00007ff837a18000 	C:\WINDOWS\System32\GDI32.dll
0x00007ff8351c0000 - 0x00007ff835352000 	C:\WINDOWS\System32\gdi32full.dll
0x00007ff834600000 - 0x00007ff83469f000 	C:\WINDOWS\System32\msvcp_win.dll
0x00007ff8348e0000 - 0x00007ff8349da000 	C:\WINDOWS\System32\ucrtbase.dll
0x00007ff823230000 - 0x00007ff823499000 	C:\WINDOWS\WinSxS\amd64_microsoft.windows.common-controls_6595b64144ccf1df_6.0.17134.407_none_fb449d63306391e9\COMCTL32.dll
0x00007ff835720000 - 0x00007ff835a42000 	C:\WINDOWS\System32\combase.dll
0x00007ff834300000 - 0x00007ff83437a000 	C:\WINDOWS\System32\bcryptPrimitives.dll
0x00007ff835530000 - 0x00007ff83555d000 	C:\WINDOWS\System32\IMM32.DLL
0x0000000051040000 - 0x0000000051112000 	C:\Program Files\Java\jdk1.8.0_181\jre\bin\msvcr100.dll
0x0000000050180000 - 0x0000000050a22000 	C:\Program Files\Java\jdk1.8.0_181\jre\bin\server\jvm.dll
0x00007ff8379e0000 - 0x00007ff8379e8000 	C:\WINDOWS\System32\PSAPI.DLL
0x00007ff8231f0000 - 0x00007ff8231f9000 	C:\WINDOWS\SYSTEM32\WSOCK32.dll
0x00007ff837450000 - 0x00007ff8374bc000 	C:\WINDOWS\System32\WS2_32.dll
0x00007ff832450000 - 0x00007ff832473000 	C:\WINDOWS\SYSTEM32\WINMM.dll
0x00007ff822e60000 - 0x00007ff822e6a000 	C:\WINDOWS\SYSTEM32\VERSION.dll
0x00007ff832420000 - 0x00007ff83244a000 	C:\WINDOWS\SYSTEM32\WINMMBASE.dll
0x00007ff834890000 - 0x00007ff8348d9000 	C:\WINDOWS\System32\cfgmgr32.dll
0x0000000050ff0000 - 0x0000000050fff000 	C:\Program Files\Java\jdk1.8.0_181\jre\bin\verify.dll
0x0000000050fc0000 - 0x0000000050fe9000 	C:\Program Files\Java\jdk1.8.0_181\jre\bin\java.dll
0x0000000050fa0000 - 0x0000000050fb6000 	C:\Program Files\Java\jdk1.8.0_181\jre\bin\zip.dll

VM Arguments:
jvm_args: -Dfile.encoding=UTF-8 
java_command: C:\Users\slima\OneDrive\Documents\NetBeansProjects\CoolRom\dist\run511812134\CoolRom.jar
java_class_path (initial): C:\Users\slima\OneDrive\Documents\NetBeansProjects\CoolRom\dist\run511812134\CoolRom.jar
Launcher Type: SUN_STANDARD

Environment Variables:
JAVA_HOME=C:\Program Files\Java\jdk-11.0.1
PATH=C:\WINDOWS\system32;C:\WINDOWS;C:\WINDOWS\System32\Wbem;C:\WINDOWS\System32\WindowsPowerShell\v1.0\;C:\Program Files\Intel\WiFi\bin\;C:\Program Files\Common Files\Intel\WirelessCommon\;C:\WINDOWS\System32\OpenSSH\;C:\Users\slima\AppData\Local\Microsoft\WindowsApps;C:\adb;C:\Program Files\Git\cmd;C:\apache-maven-3.6.0\bin;C:\Program Files\Java\jdk-11.0.1\bin;C:\Users\slima\AppData\Local\Microsoft\WindowsApps;
USERNAME=slima
OS=Windows_NT
PROCESSOR_IDENTIFIER=Intel64 Family 6 Model 142 Stepping 9, GenuineIntel



---------------  S Y S T E M  ---------------

OS: Windows 10.0 , 64 bit Build 17134 (10.0.17134.1)

CPU:total 4 (initial active 4) (2 cores per cpu, 2 threads per core) family 6 model 142 stepping 9, cmov, cx8, fxsr, mmx, sse, sse2, sse3, ssse3, sse4.1, sse4.2, popcnt, avx, avx2, aes, clmul, erms, 3dnowpref, lzcnt, ht, tsc, tscinvbit, bmi1, bmi2, adx

Memory: 4k page, physical 4108620k(331828k free), swap 8832360k(5236k free)

vm_info: Java HotSpot(TM) 64-Bit Server VM (25.181-b13) for windows-amd64 JRE (1.8.0_181-b13), built on Jul  7 2018 04:01:33 by "java_re" with MS VC++ 10.0 (VS2010)

time: Mon Dec 03 16:56:07 2018
elapsed time: 0 seconds (0d 0h 0m 0s)

